[ERROR] 2022-03-30 14:50:49.456 [main] Runner - This station is close
homework.StationException: This station is close
	at homework.Stantions.setName(Stantions.java:29) ~[123/:?]
	at homework.Runner.start(Runner.java:38) ~[123/:?]
	at homework.Runner.main(Runner.java:18) ~[123/:?]
[ERROR] 2022-03-30 14:50:49.482 [main] Runner - Error Age
[INFO ] 2022-03-30 14:50:49.489 [main] Moto - Your moto: 
Moto{color='red', lenght='1 m.', wheels=2, maxCount=1}
[INFO ] 2022-03-30 14:50:49.493 [main] Moto - Info about drivers: 
Driver{gender='woman', name='Kate', age=18}
[INFO ] 2022-03-30 14:50:49.501 [main] Moto - Passengers{maxWeight=10, count=3}
[ERROR] 2022-03-30 14:50:49.501 [main] Moto - Unknown error in moto class
[INFO ] 2022-03-30 14:50:49.501 [main] Moto - Moto{color='red', lenght='1.5 m.', wheels=2, maxCount=3}
[INFO ] 2022-03-30 14:50:49.502 [main] Moto - Moto{color='green', lenght='1.3 m.', wheels=2, maxCount=2}
[INFO ] 2022-03-30 14:50:49.502 [main] Moto - Moto{color='braun', lenght='1.2 m.', wheels=2, maxCount=1}
[ERROR] 2022-03-30 14:50:49.502 [main] Runner - This station is close
homework.StationException: This station is close
	at homework.Stantions.setName(Stantions.java:29) ~[123/:?]
	at homework.Runner.start(Runner.java:38) ~[123/:?]
	at homework.Runner.main(Runner.java:19) ~[123/:?]
[ERROR] 2022-03-30 14:50:49.502 [main] Runner - Error Age
[INFO ] 2022-03-30 14:50:49.503 [main] Vehicles - The start time of the trip is at 8 p.m. for all vehicles
[INFO ] 2022-03-30 14:50:49.503 [main] Vehicles - Auto is stopping
[ERROR] 2022-03-30 14:50:49.503 [main] Runner - This station is close
homework.StationException: This station is close
	at homework.Stantions.setName(Stantions.java:29) ~[123/:?]
	at homework.Runner.start(Runner.java:38) ~[123/:?]
	at homework.Runner.main(Runner.java:20) ~[123/:?]
[ERROR] 2022-03-30 14:50:49.504 [main] Runner - Error Age
[INFO ] 2022-03-30 14:50:49.504 [main] Maps - Your auto: 
Truck{color='blue', lenght='6 m.', wheels=18, maxCount=4}
[INFO ] 2022-03-30 14:50:49.505 [main] Maps - Info about drivers: 
Driver{gender='woman', name='Kate', age=18}
[INFO ] 2022-03-30 14:50:49.505 [main] Maps - Passengers{maxWeight=10, count=3}
