[INFO ] 2022-03-31 11:26:27.638 [main] Maps - The world's map is loading...
[ERROR] 2022-03-31 11:26:27.642 [main] Runner - This station is close
homework.StationException: This station is close
	at homework.Stantions.setName(Stantions.java:29) ~[123/:?]
	at homework.Runner.start(Runner.java:38) ~[123/:?]
	at homework.Runner.main(Runner.java:18) ~[123/:?]
[ERROR] 2022-03-31 11:26:27.662 [main] Runner - Error Age
[INFO ] 2022-03-31 11:26:27.669 [main] Moto - Your moto: 
Moto{color='red', lenght='1 m.', wheels=2, maxCount=1}
[INFO ] 2022-03-31 11:26:27.674 [main] Moto - Info about drivers: 
Driver{gender='woman', name='Kate', age=18}
[INFO ] 2022-03-31 11:26:27.681 [main] Moto - Passengers{maxWeight=10, count=3}
[ERROR] 2022-03-31 11:26:27.682 [main] Moto - Unknown error in moto class
[INFO ] 2022-03-31 11:26:27.683 [main] Moto - [Moto{color='braun', lenght='1.2 m.', wheels=2, maxCount=1}, Moto{color='green', lenght='1.3 m.', wheels=2, maxCount=2}, Moto{color='red', lenght='1.5 m.', wheels=2, maxCount=3}]
[ERROR] 2022-03-31 11:26:27.683 [main] Runner - This station is close
homework.StationException: This station is close
	at homework.Stantions.setName(Stantions.java:29) ~[123/:?]
	at homework.Runner.start(Runner.java:38) ~[123/:?]
	at homework.Runner.main(Runner.java:19) ~[123/:?]
[ERROR] 2022-03-31 11:26:27.683 [main] Runner - Error Age
[INFO ] 2022-03-31 11:26:27.684 [main] Sedan - Your auto: 
Sedan{color='Green', lenght='2.3 m.', wheels=4, maxCount=5}
[INFO ] 2022-03-31 11:26:27.684 [main] Sedan - Info about drivers: 
Driver{gender='woman', name='Kate', age=18}
[INFO ] 2022-03-31 11:26:27.684 [main] Sedan - Passengers{maxWeight=10, count=3}
[INFO ] 2022-03-31 11:26:27.685 [main] Sedan - your auto will drive from Minsk to Brest
[INFO ] 2022-03-31 11:26:27.685 [main] Vehicles - The start time of the trip is at 8 p.m. for all vehicles
[INFO ] 2022-03-31 11:26:27.685 [main] Sedan - the move of the goods more then 2 tons is not provided
[INFO ] 2022-03-31 11:26:27.685 [main] Sedan - You have 3 open doors in your sedan..
[INFO ] 2022-03-31 11:26:27.685 [main] Sedan - Sedan started
[INFO ] 2022-03-31 11:26:27.685 [main] Sedan - Conditioning is working
[INFO ] 2022-03-31 11:26:27.686 [main] Sedan - You did the police u-turn
[INFO ] 2022-03-31 11:26:27.686 [main] Vehicles - Auto is stopping
[ERROR] 2022-03-31 11:26:27.686 [main] Runner - This station is close
homework.StationException: This station is close
	at homework.Stantions.setName(Stantions.java:29) ~[123/:?]
	at homework.Runner.start(Runner.java:38) ~[123/:?]
	at homework.Runner.main(Runner.java:20) ~[123/:?]
[ERROR] 2022-03-31 11:26:27.686 [main] Runner - Error Age
[INFO ] 2022-03-31 11:26:27.687 [main] Maps - Your auto: 
Truck{color='blue', lenght='6 m.', wheels=18, maxCount=4}
[INFO ] 2022-03-31 11:26:27.687 [main] Maps - Passengers{maxWeight=10, count=3}
[ERROR] 2022-03-31 11:26:27.687 [main] Maps -  Nobody is going, sorry! 
homework.TruckExceptions: This truck can not take so many passengers 
	at homework.Truck.move(Truck.java:30) ~[123/:?]
	at homework.Runner.start(Runner.java:55) ~[123/:?]
	at homework.Runner.main(Runner.java:20) ~[123/:?]
[INFO ] 2022-03-31 11:26:27.688 [main] Runner - 501606719
[INFO ] 2022-03-31 11:26:27.688 [main] Runner - 501606719
[INFO ] 2022-03-31 11:26:27.688 [main] Runner - true
[INFO ] 2022-03-31 11:26:27.688 [main] Sedan - the move of the goods more then 2 tons is not provided
