[ERROR] 2022-03-30 14:18:42.254 [main] Runner - This station is close
homework.StationException: This station is close
	at homework.Stantions.setName(Stantions.java:29) ~[123/:?]
	at homework.Runner.start(Runner.java:38) ~[123/:?]
	at homework.Runner.main(Runner.java:18) ~[123/:?]
[ERROR] 2022-03-30 14:18:42.275 [main] Runner - Error Age
[INFO ] 2022-03-30 14:18:42.282 [main] Moto - Your moto: 
Moto{color='red', lenght='1 m.', wheels=2, maxCount=1}
[INFO ] 2022-03-30 14:18:42.287 [main] Moto - Info about drivers: 
Driver{gender='woman', name='Kate', age=18}
[INFO ] 2022-03-30 14:18:42.294 [main] Moto - Passengers{maxWeight=10, count=1}
[INFO ] 2022-03-30 14:18:42.295 [main] Moto - your moto will drive from Minsk to Brest
[INFO ] 2022-03-30 14:18:42.295 [main] Moto - Moto{color='red', lenght='1.5 m.', wheels=2, maxCount=3}
[INFO ] 2022-03-30 14:18:42.295 [main] Moto - Moto{color='green', lenght='1.3 m.', wheels=2, maxCount=2}
[INFO ] 2022-03-30 14:18:42.295 [main] Moto - Moto{color='braun', lenght='1.2 m.', wheels=2, maxCount=1}
[ERROR] 2022-03-30 14:18:42.295 [main] Runner - This station is close
homework.StationException: This station is close
	at homework.Stantions.setName(Stantions.java:29) ~[123/:?]
	at homework.Runner.start(Runner.java:38) ~[123/:?]
	at homework.Runner.main(Runner.java:19) ~[123/:?]
[ERROR] 2022-03-30 14:18:42.296 [main] Runner - Error Age
[ERROR] 2022-03-30 14:18:42.297 [main] Runner - This station is close
homework.StationException: This station is close
	at homework.Stantions.setName(Stantions.java:29) ~[123/:?]
	at homework.Runner.start(Runner.java:38) ~[123/:?]
	at homework.Runner.main(Runner.java:20) ~[123/:?]
[ERROR] 2022-03-30 14:18:42.297 [main] Runner - Error Age
[INFO ] 2022-03-30 14:18:42.298 [main] Runner - 501606719
[INFO ] 2022-03-30 14:18:42.298 [main] Runner - 501606719
[INFO ] 2022-03-30 14:18:42.298 [main] Runner - true
