[ERROR] 2022-03-30 14:17:07.933 [main] Runner - This station is close
homework.StationException: This station is close
	at homework.Stantions.setName(Stantions.java:29) ~[123/:?]
	at homework.Runner.start(Runner.java:38) ~[123/:?]
	at homework.Runner.main(Runner.java:18) ~[123/:?]
[ERROR] 2022-03-30 14:17:07.957 [main] Runner - Error Age
[INFO ] 2022-03-30 14:17:07.964 [main] Moto - Your moto: 
Moto{color='red', lenght='1 m.', wheels=2, maxCount=1}
[INFO ] 2022-03-30 14:17:07.969 [main] Moto - Info about drivers: 
Driver{gender='woman', name='Kate', age=18}
[INFO ] 2022-03-30 14:17:07.972 [main] Moto - Passengers{maxWeight=10, count=1}
[INFO ] 2022-03-30 14:17:07.973 [main] Moto - your moto will drive from Minsk to Brest
[INFO ] 2022-03-30 14:17:07.974 [main] Moto - Moto{color='red', lenght='1.5 m.', wheels=2, maxCount=3}
[INFO ] 2022-03-30 14:17:07.974 [main] Moto - Moto{color='green', lenght='1.3 m.', wheels=2, maxCount=2}
[INFO ] 2022-03-30 14:17:07.974 [main] Moto - Moto{color='braun', lenght='1.2 m.', wheels=2, maxCount=1}
[ERROR] 2022-03-30 14:17:07.974 [main] Runner - This station is close
homework.StationException: This station is close
	at homework.Stantions.setName(Stantions.java:29) ~[123/:?]
	at homework.Runner.start(Runner.java:38) ~[123/:?]
	at homework.Runner.main(Runner.java:19) ~[123/:?]
[ERROR] 2022-03-30 14:17:07.975 [main] Runner - Error Age
[ERROR] 2022-03-30 14:17:07.976 [main] Runner - This station is close
homework.StationException: This station is close
	at homework.Stantions.setName(Stantions.java:29) ~[123/:?]
	at homework.Runner.start(Runner.java:38) ~[123/:?]
	at homework.Runner.main(Runner.java:20) ~[123/:?]
[ERROR] 2022-03-30 14:17:07.977 [main] Runner - Error Age
[INFO ] 2022-03-30 14:17:07.979 [main] Runner - 501606719
[INFO ] 2022-03-30 14:17:07.979 [main] Runner - 501606719
[INFO ] 2022-03-30 14:17:07.979 [main] Runner - true
