[ERROR] 2022-03-29 13:39:13.560 [main] Runner - This station is close
homework.StationException: This station is close
	at homework.Stantions.setName(Stantions.java:24) ~[123/:?]
	at homework.Runner.start(Runner.java:59) ~[123/:?]
	at homework.Runner.main(Runner.java:18) ~[123/:?]
[ERROR] 2022-03-29 13:39:13.584 [main] Runner - Error Age
[INFO ] 2022-03-29 13:39:13.591 [main] Moto - Your moto: 
Moto{color='red', lenght='1 m.', wheels=2, maxCount=1}
[INFO ] 2022-03-29 13:39:13.595 [main] Moto - Info about drivers: 
Driver{gender='woman', name='Kate', age=18}
[INFO ] 2022-03-29 13:39:13.599 [main] Moto - Passengers{maxWeight=10, count=1}
[INFO ] 2022-03-29 13:39:13.599 [main] Moto - your moto will drive from Minsk to Brest
[ERROR] 2022-03-29 13:39:13.599 [main] Runner - This station is close
homework.StationException: This station is close
	at homework.Stantions.setName(Stantions.java:24) ~[123/:?]
	at homework.Runner.start(Runner.java:59) ~[123/:?]
	at homework.Runner.main(Runner.java:19) ~[123/:?]
[ERROR] 2022-03-29 13:39:13.600 [main] Runner - Error Age
[ERROR] 2022-03-29 13:39:13.601 [main] Runner - This station is close
homework.StationException: This station is close
	at homework.Stantions.setName(Stantions.java:24) ~[123/:?]
	at homework.Runner.start(Runner.java:59) ~[123/:?]
	at homework.Runner.main(Runner.java:20) ~[123/:?]
[ERROR] 2022-03-29 13:39:13.601 [main] Runner - Error Age
[INFO ] 2022-03-29 13:39:13.603 [main] Runner - 501606719
[INFO ] 2022-03-29 13:39:13.603 [main] Runner - 501606719
[INFO ] 2022-03-29 13:39:13.603 [main] Runner - true
