[INFO ] 2022-05-10 13:08:05.579 [main] Maps - The world's map is loading...
[ERROR] 2022-05-10 13:08:05.588 [main] Runner - This station is close
com.solvd.homework.StationException: This station is close
	at com.solvd.homework.Stantions.setName(Stantions.java:26) ~[classes/:?]
	at com.solvd.homework.Runner.start(Runner.java:54) ~[classes/:?]
	at com.solvd.homework.Runner.main(Runner.java:23) ~[classes/:?]
[ERROR] 2022-05-10 13:08:05.607 [main] Runner - Error Age
[INFO ] 2022-05-10 13:08:05.615 [main] Moto - Your moto: 
Moto{color='red', lenght='1 m.', wheels=2, maxCount=1}
[INFO ] 2022-05-10 13:08:05.620 [main] Moto - Info about drivers: 
Driver{gender='woman', name='Kate', age=18}
[INFO ] 2022-05-10 13:08:05.623 [main] Moto - Passengers{maxWeight=10, count=3}
[ERROR] 2022-05-10 13:08:05.624 [main] Moto - Unknown error in moto class
[INFO ] 2022-05-10 13:08:05.633 [main] Moto - Moto{color='red', lenght='1.5 m.', wheels=2, maxCount=3}
[INFO ] 2022-05-10 13:08:05.633 [main] Moto - Moto{color='green', lenght='1.3 m.', wheels=2, maxCount=2}
[INFO ] 2022-05-10 13:08:05.633 [main] Moto - Moto{color='braun', lenght='1.2 m.', wheels=2, maxCount=1}
[ERROR] 2022-05-10 13:08:05.633 [main] Runner - This station is close
com.solvd.homework.StationException: This station is close
	at com.solvd.homework.Stantions.setName(Stantions.java:26) ~[classes/:?]
	at com.solvd.homework.Runner.start(Runner.java:54) ~[classes/:?]
	at com.solvd.homework.Runner.main(Runner.java:24) ~[classes/:?]
[ERROR] 2022-05-10 13:08:05.634 [main] Runner - Error Age
[INFO ] 2022-05-10 13:08:05.635 [main] Sedan - Your auto: 
Sedan{color='Green', lenght='2.3 m.', wheels=4, maxCount=5}
[INFO ] 2022-05-10 13:08:05.636 [main] Sedan - Info about drivers: 
Driver{gender='woman', name='Kate', age=18}
[INFO ] 2022-05-10 13:08:05.636 [main] Sedan - Passengers{maxWeight=10, count=3}
[INFO ] 2022-05-10 13:08:05.636 [main] Sedan - your auto will drive from Minsk to Brest
[INFO ] 2022-05-10 13:08:05.636 [main] Vehicles - The start time of the trip is at 8 p.m. for all vehicles
[INFO ] 2022-05-10 13:08:05.637 [main] Sedan - the move of the goods more then 2 tons is not provided
[INFO ] 2022-05-10 13:08:05.637 [main] Sedan - You have 3 open doors in your sedan..
[INFO ] 2022-05-10 13:08:05.637 [main] Sedan - Sedan started
[INFO ] 2022-05-10 13:08:05.637 [main] Sedan - Conditioning is working
[INFO ] 2022-05-10 13:08:05.637 [main] Sedan - You did the police u-turn
[INFO ] 2022-05-10 13:08:05.638 [main] Vehicles - Auto is stopping
[INFO ] 2022-05-10 13:08:05.638 [main] Sedan - {Sedan{color='red', lenght='2,1 m.', wheels=4, maxCount=5}=3, Sedan{color='green', lenght='2 m.', wheels=4, maxCount=2}=5, Sedan{color='blue', lenght='1,9 m.', wheels=4, maxCount=4}=1}
[ERROR] 2022-05-10 13:08:05.638 [main] Runner - This station is close
com.solvd.homework.StationException: This station is close
	at com.solvd.homework.Stantions.setName(Stantions.java:26) ~[classes/:?]
	at com.solvd.homework.Runner.start(Runner.java:54) ~[classes/:?]
	at com.solvd.homework.Runner.main(Runner.java:25) ~[classes/:?]
[ERROR] 2022-05-10 13:08:05.638 [main] Runner - Error Age
[INFO ] 2022-05-10 13:08:05.639 [main] Maps - Your auto: 
Truck{color='blue', lenght='6 m.', wheels=18, maxCount=4}
[INFO ] 2022-05-10 13:08:05.640 [main] Maps - Passengers{maxWeight=10, count=3}
[ERROR] 2022-05-10 13:08:05.640 [main] Maps -  Nobody is going, sorry! 
com.solvd.homework.TruckExceptions: This truck can not take so many passengers 
	at com.solvd.homework.Truck.move(Truck.java:34) ~[classes/:?]
	at com.solvd.homework.Runner.start(Runner.java:71) ~[classes/:?]
	at com.solvd.homework.Runner.main(Runner.java:25) ~[classes/:?]
[INFO ] 2022-05-10 13:08:05.678 [main] WeatherInfo - 'count' is exist
[INFO ] 2022-05-10 13:08:05.678 [main] Runner - 501606719
[INFO ] 2022-05-10 13:08:05.678 [main] Runner - 501606719
[INFO ] 2022-05-10 13:08:05.679 [main] Runner - true
[INFO ] 2022-05-10 13:08:05.683 [main] WeatherInfo - 'count' is exist
[INFO ] 2022-05-10 13:08:05.684 [main] Passengers - Passengers{maxWeight=1, count=3}
[INFO ] 2022-05-10 13:08:05.685 [main] Passengers - Passengers{maxWeight=1, count=1}
[INFO ] 2022-05-10 13:08:05.685 [main] Passengers - Passengers{maxWeight=1, count=5}
[INFO ] 2022-05-10 13:08:05.686 [main] Sedan -  form green to 2 m.
[INFO ] 2022-05-10 13:08:05.687 [main] Sedan -  form red to 1.85 m.
[INFO ] 2022-05-10 13:08:05.688 [main] Maps - All wheels: 576
